#
# There is insufficient memory for the Java Runtime Environment to continue.
# Native memory allocation (malloc) failed to allocate 147536 bytes. Error detail: Chunk::new
# Possible reasons:
#   The system is out of physical RAM or swap space
#   This process is running with CompressedOops enabled, and the Java Heap may be blocking the growth of the native heap
# Possible solutions:
#   Reduce memory load on the system
#   Increase physical memory or swap space
#   Check if swap backing store is full
#   Decrease Java heap size (-Xmx/-Xms)
#   Decrease number of Java threads
#   Decrease Java thread stack sizes (-Xss)
#   Set larger code cache with -XX:ReservedCodeCacheSize=
#   JVM is running with Unscaled Compressed Oops mode in which the Java heap is
#     placed in the first 4GB address space. The Java Heap base address is the
#     maximum limit for the native heap growth. Please use -XX:HeapBaseMinAddress
#     to set the Java Heap base and to place the Java Heap above 4GB virtual address.
# This output file may be truncated or incomplete.
#
#  Out of Memory Error (arena.cpp:168), pid=12760, tid=24268
#
# JRE version: OpenJDK Runtime Environment OpenLogic-OpenJDK (21.0.8+9) (build 21.0.8+9-adhoc.Administrator.jdk21u)
# Java VM: OpenJDK 64-Bit Server VM OpenLogic-OpenJDK (21.0.8+9-adhoc.Administrator.jdk21u, mixed mode, sharing, tiered, compressed oops, compressed class ptrs, g1 gc, windows-amd64)
# No core dump will be written. Minidumps are not enabled by default on client versions of Windows
#

---------------  S U M M A R Y ------------

Command Line: -Dapplication.home=C:\Java-sdk --add-modules=ALL-DEFAULT -Xms8m -Dfile.encoding=UTF8 -Djdk.module.main=jdk.compiler jdk.compiler/com.sun.tools.javac.Main @C:\Users\Michael\AppData\Local\Temp\tmpEB88.tmp -target 1.8 -source 1.8 -Xlint:-options

Host: Intel(R) Core(TM) i5-8350U CPU @ 1.70GHz, 8 cores, 7G,  Windows 11 , 64 bit Build 26100 (10.0.26100.7309)
Time: Wed Dec 17 21:27:19 2025 SE Asia Standard Time elapsed time: 131.424633 seconds (0d 0h 2m 11s)

---------------  T H R E A D  ---------------

Current thread (0x00000192d951b9e0):  JavaThread "C2 CompilerThread0" daemon [_thread_in_native, id=24268, stack(0x000000295b200000,0x000000295b300000) (1024K)]


Current CompileTask:
C2:131424  754       4       java.lang.StringLatin1::replace (198 bytes)

Stack: [0x000000295b200000,0x000000295b300000]
Native frames: (J=compiled Java code, j=interpreted, Vv=VM code, C=native code)
V  [jvm.dll+0x6deaf9]
V  [jvm.dll+0x8bccc3]
V  [jvm.dll+0x8bf07e]
V  [jvm.dll+0x8bf763]
V  [jvm.dll+0x287836]
V  [jvm.dll+0xc6e0d]
V  [jvm.dll+0xc7343]
V  [jvm.dll+0x2fe470]
V  [jvm.dll+0x604b79]
V  [jvm.dll+0x258c22]
V  [jvm.dll+0x258fdf]
V  [jvm.dll+0x251785]
V  [jvm.dll+0x24efde]
V  [jvm.dll+0x1cd844]
V  [jvm.dll+0x25e7ca]
V  [jvm.dll+0x25cd7b]
V  [jvm.dll+0x3fd7a6]
V  [jvm.dll+0x865958]
V  [jvm.dll+0x6dd2bd]
C  [ucrtbase.dll+0x37b0]
C  [KERNEL32.DLL+0x2e8d7]
C  [ntdll.dll+0x8c53c]


---------------  P R O C E S S  ---------------

Threads class SMR info:
_java_thread_list=0x00000192d97ad000, length=11, elements={
0x00000192b930fc50, 0x00000192d9510cc0, 0x00000192d9514390, 0x00000192d9517d60,
0x00000192d95187b0, 0x00000192d9519200, 0x00000192d9519c50, 0x00000192d951b9e0,
0x00000192d95208d0, 0x00000192d95861e0, 0x00000192d95e80a0
}

Java Threads: ( => current thread )
  0x00000192b930fc50 JavaThread "main"                              [_thread_in_vm, id=8932, stack(0x000000295a400000,0x000000295a500000) (1024K)]
  0x00000192d9510cc0 JavaThread "Reference Handler"          daemon [_thread_blocked, id=16140, stack(0x000000295ac00000,0x000000295ad00000) (1024K)]
  0x00000192d9514390 JavaThread "Finalizer"                  daemon [_thread_blocked, id=12692, stack(0x000000295ad00000,0x000000295ae00000) (1024K)]
  0x00000192d9517d60 JavaThread "Signal Dispatcher"          daemon [_thread_blocked, id=18008, stack(0x000000295ae00000,0x000000295af00000) (1024K)]
  0x00000192d95187b0 JavaThread "Attach Listener"            daemon [_thread_blocked, id=4476, stack(0x000000295af00000,0x000000295b000000) (1024K)]
  0x00000192d9519200 JavaThread "Service Thread"             daemon [_thread_blocked, id=21708, stack(0x000000295b000000,0x000000295b100000) (1024K)]
  0x00000192d9519c50 JavaThread "Monitor Deflation Thread"   daemon [_thread_blocked, id=24828, stack(0x000000295b100000,0x000000295b200000) (1024K)]
=>0x00000192d951b9e0 JavaThread "C2 CompilerThread0"         daemon [_thread_in_native, id=24268, stack(0x000000295b200000,0x000000295b300000) (1024K)]
  0x00000192d95208d0 JavaThread "C1 CompilerThread0"         daemon [_thread_blocked, id=2524, stack(0x000000295b300000,0x000000295b400000) (1024K)]
  0x00000192d95861e0 JavaThread "Common-Cleaner"             daemon [_thread_blocked, id=15416, stack(0x000000295b400000,0x000000295b500000) (1024K)]
  0x00000192d95e80a0 JavaThread "Notification Thread"        daemon [_thread_blocked, id=16440, stack(0x000000295b500000,0x000000295b600000) (1024K)]
Total: 11

Other Threads:
  0x00000192bb672330 VMThread "VM Thread"                           [id=14340, stack(0x000000295ab00000,0x000000295ac00000) (1024K)]
  0x00000192bb662bb0 WatcherThread "VM Periodic Task Thread"        [id=20180, stack(0x000000295aa00000,0x000000295ab00000) (1024K)]
  0x00000192bb60d7d0 WorkerThread "GC Thread#0"                     [id=10024, stack(0x000000295a500000,0x000000295a600000) (1024K)]
  0x00000192d97fe370 WorkerThread "GC Thread#1"                     [id=26836, stack(0x000000295b600000,0x000000295b700000) (1024K)]
  0x00000192d9808880 WorkerThread "GC Thread#2"                     [id=12720, stack(0x000000295b700000,0x000000295b800000) (1024K)]
  0x00000192d9808c20 WorkerThread "GC Thread#3"                     [id=23296, stack(0x000000295b800000,0x000000295b900000) (1024K)]
  0x00000192bb61e3f0 ConcurrentGCThread "G1 Main Marker"            [id=15800, stack(0x000000295a600000,0x000000295a700000) (1024K)]
  0x00000192bb61eef0 WorkerThread "G1 Conc#0"                       [id=15084, stack(0x000000295a700000,0x000000295a800000) (1024K)]
  0x00000192bb64e1c0 ConcurrentGCThread "G1 Refine#0"               [id=2720, stack(0x000000295a800000,0x000000295a900000) (1024K)]
  0x00000192bb64fd40 ConcurrentGCThread "G1 Service"                [id=25968, stack(0x000000295a900000,0x000000295aa00000) (1024K)]
Total: 10

Threads with active compile tasks:
C2 CompilerThread0  131600  754       4       java.lang.StringLatin1::replace (198 bytes)
Total: 1

VM state: not at safepoint (normal execution)

VM Mutex/Monitor currently owned by a thread: None

Heap address: 0x0000000081e00000, size: 2018 MB, Compressed Oops mode: 32-bit

CDS archive(s) mapped at: [0x00000192da000000-0x00000192dac90000-0x00000192dac90000), size 13172736, SharedBaseAddress: 0x00000192da000000, ArchiveRelocationMode: 1.
Compressed class space mapped at: 0x00000192db000000-0x000001931b000000, reserved size: 1073741824
Narrow klass base: 0x00000192da000000, Narrow klass shift: 0, Narrow klass range: 0x100000000

GC Precious Log:
 CardTable entry size: 512
 Card Set container configuration: InlinePtr #cards 5 size 8 Array Of Cards #cards 12 size 40 Howl #buckets 4 coarsen threshold 1843 Howl Bitmap #cards 512 size 80 coarsen threshold 460 Card regions per heap region 1 cards per card region 2048
 CPUs: 8 total, 8 available
 Memory: 8071M
 Large Page Support: Disabled
 NUMA Support: Disabled
 Compressed Oops: Enabled (32-bit)
 Heap Region Size: 1M
 Heap Min Capacity: 8M
 Heap Initial Capacity: 8M
 Heap Max Capacity: 2018M
 Pre-touch: Disabled
 Parallel Workers: 8
 Concurrent Workers: 2
 Concurrent Refinement Workers: 8
 Periodic GC: Disabled

Heap:
 garbage-first heap   total 8192K, used 2431K [0x0000000081e00000, 0x0000000100000000)
  region size 1024K, 3 young (3072K), 1 survivors (1024K)
 Metaspace       used 4532K, committed 4736K, reserved 1114112K
  class space    used 539K, committed 640K, reserved 1048576K

Heap Regions: E=young(eden), S=young(survivor), O=old, HS=humongous(starts), HC=humongous(continues), CS=collection set, F=free, TAMS=top-at-mark-start, PB=parsable bottom
|   0|0x0000000081e00000, 0x0000000081f00000, 0x0000000081f00000|100%| O|  |TAMS 0x0000000081e00000| PB 0x0000000081e00000| Untracked 
|   1|0x0000000081f00000, 0x0000000081f2cc80, 0x0000000082000000| 17%| O|  |TAMS 0x0000000081f00000| PB 0x0000000081f00000| Untracked 
|   2|0x0000000082000000, 0x0000000082000000, 0x0000000082100000|  0%| F|  |TAMS 0x0000000082000000| PB 0x0000000082000000| Untracked 
|   3|0x0000000082100000, 0x0000000082100000, 0x0000000082200000|  0%| F|  |TAMS 0x0000000082100000| PB 0x0000000082100000| Untracked 
|   4|0x0000000082200000, 0x0000000082233130, 0x0000000082300000| 19%| S|CS|TAMS 0x0000000082200000| PB 0x0000000082200000| Complete 
|   5|0x0000000082300000, 0x0000000082300000, 0x0000000082400000|  0%| F|  |TAMS 0x0000000082300000| PB 0x0000000082300000| Untracked 
|   6|0x0000000082400000, 0x00000000824a6738, 0x0000000082500000| 65%| E|  |TAMS 0x0000000082400000| PB 0x0000000082400000| Complete 
|   7|0x0000000082500000, 0x0000000082600000, 0x0000000082600000|100%| E|CS|TAMS 0x0000000082500000| PB 0x0000000082500000| Complete 

Card table byte_map: [0x00000192d47d0000,0x00000192d4bd0000] _byte_map_base: 0x00000192d43c1000

Marking Bits: (CMBitMap*) 0x00000192bb60ded0
 Bits: [0x00000192d4bd0000, 0x00000192d6b58000)

Polling page: 0x00000192b9830000

Metaspace:

Usage:
  Non-class:      3.90 MB used.
      Class:    539.83 KB used.
       Both:      4.43 MB used.

Virtual space:
  Non-class space:       64.00 MB reserved,       4.00 MB (  6%) committed,  1 nodes.
      Class space:        1.00 GB reserved,     640.00 KB ( <1%) committed,  1 nodes.
             Both:        1.06 GB reserved,       4.62 MB ( <1%) committed. 

Chunk freelists:
   Non-Class:  9.26 MB
       Class:  15.30 MB
        Both:  24.55 MB

MaxMetaspaceSize: unlimited
CompressedClassSpaceSize: 1.00 GB
Initial GC threshold: 21.00 MB
Current GC threshold: 21.00 MB
CDS: on
 - commit_granule_bytes: 65536.
 - commit_granule_words: 8192.
 - virtual_space_node_default_size: 8388608.
 - enlarge_chunks_in_place: 1.
 - use_allocation_guard: 0.


Internal statistics:

num_allocs_failed_limit: 0.
num_arena_births: 42.
num_arena_deaths: 0.
num_vsnodes_births: 2.
num_vsnodes_deaths: 0.
num_space_committed: 74.
num_space_uncommitted: 0.
num_chunks_returned_to_freelist: 0.
num_chunks_taken_from_freelist: 177.
num_chunk_merges: 0.
num_chunk_splits: 129.
num_chunks_enlarged: 100.
num_inconsistent_stats: 0.

CodeHeap 'non-profiled nmethods': size=120000Kb used=262Kb max_used=262Kb free=119737Kb
 bounds [0x00000192ccb70000, 0x00000192ccde0000, 0x00000192d40a0000]
CodeHeap 'profiled nmethods': size=120000Kb used=1235Kb max_used=1235Kb free=118764Kb
 bounds [0x00000192c50a0000, 0x00000192c5310000, 0x00000192cc5d0000]
CodeHeap 'non-nmethods': size=5760Kb used=1309Kb max_used=1322Kb free=4450Kb
 bounds [0x00000192cc5d0000, 0x00000192cc840000, 0x00000192ccb70000]
CodeCache: size=245760Kb, used=2806Kb, max_used=2819Kb, free=242951Kb
 total_blobs=1188, nmethods=766, adapters=327, full_count=0
Compilation: enabled, stopped_count=0, restarted_count=0

Compilation events (20 events):
Event: 128.353 Thread 0x00000192d95208d0 nmethod 744 0x00000192c51c6010 code [0x00000192c51c6200, 0x00000192c51c67c0]
Event: 128.353 Thread 0x00000192d95208d0  745       3       java.lang.ClassLoader::postDefineClass (39 bytes)
Event: 128.353 Thread 0x00000192d95208d0 nmethod 745 0x00000192c51c6b10 code [0x00000192c51c6d00, 0x00000192c51c7028]
Event: 128.353 Thread 0x00000192d95208d0  746       3       jdk.internal.module.SystemModuleFinders$SystemModuleReader::release (10 bytes)
Event: 128.354 Thread 0x00000192d95208d0 nmethod 746 0x00000192c51c7210 code [0x00000192c51c7400, 0x00000192c51c7870]
Event: 128.354 Thread 0x00000192d95208d0  747       3       jdk.internal.jimage.ImageReader::releaseByteBuffer (5 bytes)
Event: 128.354 Thread 0x00000192d95208d0 nmethod 747 0x00000192c51c7a10 code [0x00000192c51c7be0, 0x00000192c51c7e90]
Event: 128.354 Thread 0x00000192d95208d0  748       3       jdk.internal.jimage.BasicImageReader::releaseByteBuffer (16 bytes)
Event: 128.354 Thread 0x00000192d95208d0 nmethod 748 0x00000192c51c7f90 code [0x00000192c51c8140, 0x00000192c51c8398]
Event: 128.389 Thread 0x00000192d951b9e0  749       4       jdk.internal.org.objectweb.asm.ByteVector::putUTF8 (144 bytes)
Event: 128.398 Thread 0x00000192d951b9e0 nmethod 749 0x00000192ccbafc10 code [0x00000192ccbafde0, 0x00000192ccbb01d8]
Event: 128.554 Thread 0x00000192d95208d0  750       3       java.security.CodeSource::<init> (52 bytes)
Event: 128.555 Thread 0x00000192d95208d0 nmethod 750 0x00000192c51c8490 code [0x00000192c51c8680, 0x00000192c51c8ba0]
Event: 128.555 Thread 0x00000192d95208d0  751       3       java.security.SecureClassLoader::defineClass (12 bytes)
Event: 128.555 Thread 0x00000192d95208d0 nmethod 751 0x00000192c51c8d10 code [0x00000192c51c8ec0, 0x00000192c51c9058]
Event: 128.568 Thread 0x00000192d951b9e0  752       4       java.lang.StringBuilder::toString (9 bytes)
Event: 128.587 Thread 0x00000192d951b9e0 nmethod 752 0x00000192ccbb0510 code [0x00000192ccbb06c0, 0x00000192ccbb0cd0]
Event: 129.021 Thread 0x00000192d951b9e0  753       4       java.lang.String::isEmpty (14 bytes)
Event: 129.022 Thread 0x00000192d951b9e0 nmethod 753 0x00000192ccbb0f90 code [0x00000192ccbb1120, 0x00000192ccbb11d0]
Event: 129.235 Thread 0x00000192d951b9e0  754       4       java.lang.StringLatin1::replace (198 bytes)

GC Heap History (8 events):
Event: 5.416 GC heap before
{Heap before GC invocations=0 (full 0):
 garbage-first heap   total 8192K, used 3072K [0x0000000081e00000, 0x0000000100000000)
  region size 1024K, 3 young (3072K), 0 survivors (0K)
 Metaspace       used 2011K, committed 2176K, reserved 1114112K
  class space    used 224K, committed 320K, reserved 1048576K
}
Event: 5.901 GC heap after
{Heap after GC invocations=1 (full 0):
 garbage-first heap   total 8192K, used 1152K [0x0000000081e00000, 0x0000000100000000)
  region size 1024K, 1 young (1024K), 1 survivors (1024K)
 Metaspace       used 2011K, committed 2176K, reserved 1114112K
  class space    used 224K, committed 320K, reserved 1048576K
}
Event: 7.738 GC heap before
{Heap before GC invocations=1 (full 0):
 garbage-first heap   total 8192K, used 2176K [0x0000000081e00000, 0x0000000100000000)
  region size 1024K, 2 young (2048K), 1 survivors (1024K)
 Metaspace       used 2531K, committed 2688K, reserved 1114112K
  class space    used 272K, committed 384K, reserved 1048576K
}
Event: 7.745 GC heap after
{Heap after GC invocations=2 (full 0):
 garbage-first heap   total 8192K, used 1407K [0x0000000081e00000, 0x0000000100000000)
  region size 1024K, 1 young (1024K), 1 survivors (1024K)
 Metaspace       used 2531K, committed 2688K, reserved 1114112K
  class space    used 272K, committed 384K, reserved 1048576K
}
Event: 19.470 GC heap before
{Heap before GC invocations=2 (full 0):
 garbage-first heap   total 8192K, used 1407K [0x0000000081e00000, 0x0000000100000000)
  region size 1024K, 2 young (2048K), 1 survivors (1024K)
 Metaspace       used 2548K, committed 2688K, reserved 1114112K
  class space    used 272K, committed 384K, reserved 1048576K
}
Event: 19.472 GC heap after
{Heap after GC invocations=3 (full 0):
 garbage-first heap   total 8192K, used 1398K [0x0000000081e00000, 0x0000000100000000)
  region size 1024K, 1 young (1024K), 1 survivors (1024K)
 Metaspace       used 2548K, committed 2688K, reserved 1114112K
  class space    used 272K, committed 384K, reserved 1048576K
}
Event: 120.719 GC heap before
{Heap before GC invocations=3 (full 0):
 garbage-first heap   total 8192K, used 2422K [0x0000000081e00000, 0x0000000100000000)
  region size 1024K, 3 young (3072K), 1 survivors (1024K)
 Metaspace       used 2572K, committed 2752K, reserved 1114112K
  class space    used 272K, committed 384K, reserved 1048576K
}
Event: 120.774 GC heap after
{Heap after GC invocations=4 (full 0):
 garbage-first heap   total 8192K, used 1407K [0x0000000081e00000, 0x0000000100000000)
  region size 1024K, 1 young (1024K), 1 survivors (1024K)
 Metaspace       used 2572K, committed 2752K, reserved 1114112K
  class space    used 272K, committed 384K, reserved 1048576K
}

Dll operation events (6 events):
Event: 0.020 Loaded shared library C:\Java-sdk\bin\java.dll
Event: 2.480 Loaded shared library C:\Java-sdk\bin\jimage.dll
Event: 3.076 Loaded shared library C:\Java-sdk\bin\jsvml.dll
Event: 4.196 Loaded shared library C:\Java-sdk\bin\net.dll
Event: 4.415 Loaded shared library C:\Java-sdk\bin\nio.dll
Event: 6.703 Loaded shared library C:\Java-sdk\bin\zip.dll

Deoptimization events (20 events):
Event: 5.049 Thread 0x00000192b930fc50 DEOPT PACKING pc=0x00000192c50c594c sp=0x000000295a4fec80
Event: 5.052 Thread 0x00000192b930fc50 DEOPT UNPACKING pc=0x00000192cc624e42 sp=0x000000295a4fe0a0 mode 0
Event: 5.056 Thread 0x00000192b930fc50 DEOPT PACKING pc=0x00000192c50af1cc sp=0x000000295a4fec50
Event: 5.056 Thread 0x00000192b930fc50 DEOPT UNPACKING pc=0x00000192cc624e42 sp=0x000000295a4fe0b8 mode 0
Event: 5.398 Thread 0x00000192b930fc50 DEOPT PACKING pc=0x00000192c50ffa43 sp=0x000000295a4febb0
Event: 5.398 Thread 0x00000192b930fc50 DEOPT UNPACKING pc=0x00000192cc624e42 sp=0x000000295a4fe028 mode 0
Event: 5.902 Thread 0x00000192d9510cc0 Uncommon trap: trap_request=0xffffff45 fr.pc=0x00000192ccb8b660 relative=0x0000000000000040
Event: 5.902 Thread 0x00000192d9510cc0 Uncommon trap: reason=unstable_if action=reinterpret pc=0x00000192ccb8b660 method=java.util.concurrent.locks.AbstractQueuedSynchronizer.signalNext(Ljava/util/concurrent/locks/AbstractQueuedSynchronizer$Node;)V @ 1 c2
Event: 5.905 Thread 0x00000192d9510cc0 DEOPT PACKING pc=0x00000192ccb8b660 sp=0x000000295acfee80
Event: 5.905 Thread 0x00000192d9510cc0 DEOPT UNPACKING pc=0x00000192cc6246a2 sp=0x000000295acfee10 mode 2
Event: 5.905 Thread 0x00000192d9510cc0 Uncommon trap: trap_request=0xffffff45 fr.pc=0x00000192ccb8b010 relative=0x0000000000000170
Event: 5.905 Thread 0x00000192d9510cc0 Uncommon trap: reason=unstable_if action=reinterpret pc=0x00000192ccb8b010 method=java.util.concurrent.locks.ReentrantLock$NonfairSync.initialTryLock()Z @ 10 c2
Event: 5.905 Thread 0x00000192d9510cc0 DEOPT PACKING pc=0x00000192ccb8b010 sp=0x000000295acfee60
Event: 5.905 Thread 0x00000192d9510cc0 DEOPT UNPACKING pc=0x00000192cc6246a2 sp=0x000000295acfee08 mode 2
Event: 6.175 Thread 0x00000192b930fc50 DEOPT PACKING pc=0x00000192c50a0848 sp=0x000000295a4fa4a0
Event: 6.175 Thread 0x00000192b930fc50 DEOPT UNPACKING pc=0x00000192cc624e42 sp=0x000000295a4f9918 mode 0
Event: 7.518 Thread 0x00000192b930fc50 DEOPT PACKING pc=0x00000192c5146ec9 sp=0x000000295a4fe650
Event: 7.518 Thread 0x00000192b930fc50 DEOPT UNPACKING pc=0x00000192cc624e42 sp=0x000000295a4fdad8 mode 0
Event: 7.737 Thread 0x00000192b930fc50 DEOPT PACKING pc=0x00000192c5153310 sp=0x000000295a4fe6e0
Event: 7.737 Thread 0x00000192b930fc50 DEOPT UNPACKING pc=0x00000192cc624e42 sp=0x000000295a4fdc90 mode 0

Classes loaded (20 events):
Event: 6.431 Loading class jdk/internal/jimage/ImageBufferCache$1
Event: 6.432 Loading class jdk/internal/jimage/ImageBufferCache$1 done
Event: 6.432 Loading class jdk/internal/jimage/ImageBufferCache$2
Event: 6.432 Loading class jdk/internal/jimage/ImageBufferCache$2 done
Event: 6.432 Loading class java/util/AbstractMap$SimpleEntry
Event: 6.433 Loading class java/util/AbstractMap$SimpleEntry done
Event: 6.434 Loading class java/util/LinkedHashMap$LinkedKeySet
Event: 6.435 Loading class java/util/LinkedHashMap$LinkedKeySet done
Event: 6.435 Loading class java/util/LinkedHashMap$LinkedKeyIterator
Event: 6.436 Loading class java/util/LinkedHashMap$LinkedKeyIterator done
Event: 125.858 Loading class sun/nio/fs/WindowsException
Event: 125.891 Loading class sun/nio/fs/WindowsException done
Event: 127.530 Loading class java/io/StringWriter
Event: 127.532 Loading class java/io/StringWriter done
Event: 128.377 Loading class java/nio/file/ReadOnlyFileSystemException
Event: 128.387 Loading class java/nio/file/ReadOnlyFileSystemException done
Event: 128.752 Loading class java/nio/file/ClosedFileSystemException
Event: 128.754 Loading class java/nio/file/ClosedFileSystemException done
Event: 128.754 Loading class java/lang/ArrayIndexOutOfBoundsException
Event: 128.755 Loading class java/lang/ArrayIndexOutOfBoundsException done

Classes unloaded (0 events):
No events

Classes redefined (0 events):
No events

Internal exceptions (6 events):
Event: 4.105 Thread 0x00000192b930fc50 Exception <a 'java/lang/NoSuchMethodError'{0x000000008231e1b8}: 'void java.lang.invoke.DirectMethodHandle$Holder.invokeSpecial(java.lang.Object, java.lang.Object, java.lang.Object)'> (0x000000008231e1b8) 
thrown [s\src\hotspot\share\interpreter\linkResolver.cpp, line 773]
Event: 6.127 Thread 0x00000192b930fc50 Exception <a 'java/lang/NoSuchMethodError'{0x000000008255cf20}: 'java.lang.Object java.lang.invoke.DirectMethodHandle$Holder.invokeVirtual(java.lang.Object, java.lang.Object, java.lang.Object)'> (0x000000008255cf20) 
thrown [s\src\hotspot\share\interpreter\linkResolver.cpp, line 773]
Event: 6.144 Thread 0x00000192b930fc50 Exception <a 'java/lang/NoSuchMethodError'{0x0000000082567a40}: 'int java.lang.invoke.DirectMethodHandle$Holder.invokeInterface(java.lang.Object, java.lang.Object)'> (0x0000000082567a40) 
thrown [s\src\hotspot\share\interpreter\linkResolver.cpp, line 773]
Event: 125.891 Thread 0x00000192b930fc50 Exception <a 'sun/nio/fs/WindowsException'{0x00000000825757e0}> (0x00000000825757e0) 
thrown [s\src\hotspot\share\prims\jni.cpp, line 520]
Event: 126.053 Thread 0x00000192b930fc50 Exception <a 'java/lang/NoSuchMethodError'{0x0000000082582418}: 'int java.lang.invoke.DirectMethodHandle$Holder.invokeVirtual(java.lang.Object, java.lang.Object, java.lang.Object)'> (0x0000000082582418) 
thrown [s\src\hotspot\share\interpreter\linkResolver.cpp, line 773]
Event: 126.062 Thread 0x00000192b930fc50 Exception <a 'java/lang/NoSuchMethodError'{0x00000000825884d8}: 'void java.lang.invoke.DirectMethodHandle$Holder.invokeInterface(java.lang.Object, java.lang.Object, java.lang.Object)'> (0x00000000825884d8) 
thrown [s\src\hotspot\share\interpreter\linkResolver.cpp, line 773]

ZGC Phase Switch (0 events):
No events

VM Operations (20 events):
Event: 10.775 Executing VM operation: Cleanup
Event: 10.775 Executing VM operation: Cleanup done
Event: 15.848 Executing VM operation: Cleanup
Event: 15.848 Executing VM operation: Cleanup done
Event: 19.470 Executing VM operation: G1CollectForAllocation (G1 Evacuation Pause)
Event: 19.472 Executing VM operation: G1CollectForAllocation (G1 Evacuation Pause) done
Event: 120.695 Executing VM operation: G1CollectForAllocation (G1 Evacuation Pause)
Event: 120.774 Executing VM operation: G1CollectForAllocation (G1 Evacuation Pause) done
Event: 121.784 Executing VM operation: Cleanup
Event: 121.785 Executing VM operation: Cleanup done
Event: 122.798 Executing VM operation: Cleanup
Event: 122.798 Executing VM operation: Cleanup done
Event: 125.838 Executing VM operation: Cleanup
Event: 125.854 Executing VM operation: Cleanup done
Event: 126.867 Executing VM operation: Cleanup
Event: 126.867 Executing VM operation: Cleanup done
Event: 127.880 Executing VM operation: Cleanup
Event: 127.959 Executing VM operation: Cleanup done
Event: 128.972 Executing VM operation: Cleanup
Event: 129.004 Executing VM operation: Cleanup done

Memory protections (0 events):
No events

Nmethod flushes (0 events):
No events

Events (13 events):
Event: 0.212 Thread 0x00000192b930fc50 Thread added: 0x00000192b930fc50
Event: 1.363 Thread 0x00000192b930fc50 Thread added: 0x00000192d9510cc0
Event: 1.363 Thread 0x00000192b930fc50 Thread added: 0x00000192d9514390
Event: 1.364 Thread 0x00000192b930fc50 Thread added: 0x00000192d9517d60
Event: 1.364 Thread 0x00000192b930fc50 Thread added: 0x00000192d95187b0
Event: 1.364 Thread 0x00000192b930fc50 Thread added: 0x00000192d9519200
Event: 1.364 Thread 0x00000192b930fc50 Thread added: 0x00000192d9519c50
Event: 1.365 Thread 0x00000192b930fc50 Thread added: 0x00000192d951b9e0
Event: 1.537 Thread 0x00000192b930fc50 Thread added: 0x00000192d95208d0
Event: 1.922 Thread 0x00000192b930fc50 Thread added: 0x00000192d95861e0
Event: 2.321 Thread 0x00000192b930fc50 Thread added: 0x00000192d95e80a0
Event: 4.727 Thread 0x00000192d95208d0 Thread added: 0x00000192d97d2780
Event: 5.015 Thread 0x00000192d97d2780 Thread exited: 0x00000192d97d2780


Dynamic libraries:
0x00007ff63d540000 - 0x00007ff63d548000 	C:\Java-sdk\bin\javac.exe
0x00007ffb92220000 - 0x00007ffb92487000 	C:\WINDOWS\SYSTEM32\ntdll.dll
0x00007ffb90ac0000 - 0x00007ffb90b89000 	C:\WINDOWS\System32\KERNEL32.DLL
0x00007ffb8f6f0000 - 0x00007ffb8fadf000 	C:\WINDOWS\System32\KERNELBASE.dll
0x00007ffb8fc90000 - 0x00007ffb8fddb000 	C:\WINDOWS\System32\ucrtbase.dll
0x00007ffb886e0000 - 0x00007ffb886f8000 	C:\Java-sdk\bin\jli.dll
0x00007ffb84c60000 - 0x00007ffb84c7b000 	C:\Java-sdk\bin\VCRUNTIME140.dll
0x00007ffb91e80000 - 0x00007ffb92045000 	C:\WINDOWS\System32\USER32.dll
0x00007ffb8faf0000 - 0x00007ffb8fb17000 	C:\WINDOWS\System32\win32u.dll
0x00007ffb7e6c0000 - 0x00007ffb7e953000 	C:\WINDOWS\WinSxS\amd64_microsoft.windows.common-controls_6595b64144ccf1df_6.0.26100.7309_none_3e05feeae336a044\COMCTL32.dll
0x00007ffb8ffc0000 - 0x00007ffb8ffeb000 	C:\WINDOWS\System32\GDI32.dll
0x00007ffb8fde0000 - 0x00007ffb8ff0c000 	C:\WINDOWS\System32\gdi32full.dll
0x00007ffb8ff10000 - 0x00007ffb8ffb3000 	C:\WINDOWS\System32\msvcp_win.dll
0x00007ffb908d0000 - 0x00007ffb90979000 	C:\WINDOWS\System32\msvcrt.dll
0x00007ffb91e40000 - 0x00007ffb91e71000 	C:\WINDOWS\System32\IMM32.DLL
0x00007ffb88e20000 - 0x00007ffb88e2c000 	C:\Java-sdk\bin\vcruntime140_1.dll
0x00007ffb6a990000 - 0x00007ffb6aa1d000 	C:\Java-sdk\bin\msvcp140.dll
0x00007ffb098c0000 - 0x00007ffb0a667000 	C:\Java-sdk\bin\server\jvm.dll
0x00007ffb91d00000 - 0x00007ffb91db4000 	C:\WINDOWS\System32\ADVAPI32.dll
0x00007ffb90fa0000 - 0x00007ffb91046000 	C:\WINDOWS\System32\sechost.dll
0x00007ffb90da0000 - 0x00007ffb90eb8000 	C:\WINDOWS\System32\RPCRT4.dll
0x00007ffb90a40000 - 0x00007ffb90ab4000 	C:\WINDOWS\System32\WS2_32.dll
0x00007ffb8f1d0000 - 0x00007ffb8f22e000 	C:\WINDOWS\SYSTEM32\POWRPROF.dll
0x00007ffb77b80000 - 0x00007ffb77bb5000 	C:\WINDOWS\SYSTEM32\WINMM.dll
0x00007ffb884e0000 - 0x00007ffb884eb000 	C:\WINDOWS\SYSTEM32\VERSION.dll
0x00007ffb8f1b0000 - 0x00007ffb8f1c4000 	C:\WINDOWS\SYSTEM32\UMPDC.dll
0x00007ffb8e0e0000 - 0x00007ffb8e0fb000 	C:\WINDOWS\SYSTEM32\kernel.appcore.dll
0x00007ffb88d70000 - 0x00007ffb88d7a000 	C:\Java-sdk\bin\jimage.dll
0x00007ffb8cbd0000 - 0x00007ffb8ce12000 	C:\WINDOWS\SYSTEM32\DBGHELP.DLL
0x00007ffb91970000 - 0x00007ffb91cf5000 	C:\WINDOWS\System32\combase.dll
0x00007ffb911f0000 - 0x00007ffb912c6000 	C:\WINDOWS\System32\OLEAUT32.dll
0x00007ffb6ec80000 - 0x00007ffb6ecbc000 	C:\WINDOWS\SYSTEM32\dbgcore.DLL
0x00007ffb8f430000 - 0x00007ffb8f4d5000 	C:\WINDOWS\System32\bcryptPrimitives.dll
0x00007ffb83830000 - 0x00007ffb8384f000 	C:\Java-sdk\bin\java.dll
0x00007ffb900f0000 - 0x00007ffb90843000 	C:\WINDOWS\System32\SHELL32.dll
0x00007ffb8fb20000 - 0x00007ffb8fc8a000 	C:\WINDOWS\System32\wintypes.dll
0x00007ffb8cf50000 - 0x00007ffb8d7ae000 	C:\WINDOWS\SYSTEM32\windows.storage.dll
0x00007ffb920e0000 - 0x00007ffb921d5000 	C:\WINDOWS\System32\SHCORE.dll
0x00007ffb90860000 - 0x00007ffb908c6000 	C:\WINDOWS\System32\shlwapi.dll
0x00007ffb8f290000 - 0x00007ffb8f2b9000 	C:\WINDOWS\SYSTEM32\profapi.dll
0x00007ffb2a5b0000 - 0x00007ffb2a686000 	C:\Java-sdk\bin\jsvml.dll
0x00007ffb87880000 - 0x00007ffb87890000 	C:\Java-sdk\bin\net.dll
0x00007ffb88020000 - 0x00007ffb88148000 	C:\WINDOWS\SYSTEM32\WINHTTP.dll
0x00007ffb8e630000 - 0x00007ffb8e69b000 	C:\WINDOWS\system32\mswsock.dll
0x00007ffb83810000 - 0x00007ffb83826000 	C:\Java-sdk\bin\nio.dll
0x00007ffb837f0000 - 0x00007ffb83808000 	C:\Java-sdk\bin\zip.dll

JVMTI agents: none

dbghelp: loaded successfully - version: 4.0.5 - missing functions: none
symbol engine: initialized successfully - sym options: 0x614 - pdb path: .;C:\Java-sdk\bin;C:\WINDOWS\SYSTEM32;C:\WINDOWS\WinSxS\amd64_microsoft.windows.common-controls_6595b64144ccf1df_6.0.26100.7309_none_3e05feeae336a044;C:\Java-sdk\bin\server

VM Arguments:
jvm_args: -Dapplication.home=C:\Java-sdk --add-modules=ALL-DEFAULT -Xms8m -Dfile.encoding=UTF8 -Djdk.module.main=jdk.compiler 
java_command: jdk.compiler/com.sun.tools.javac.Main @C:\Users\Michael\AppData\Local\Temp\tmpEB88.tmp -target 1.8 -source 1.8 -Xlint:-options
java_class_path (initial): <not set>
Launcher Type: SUN_STANDARD

[Global flags]
     intx CICompilerCount                          = 4                                         {product} {ergonomic}
     uint ConcGCThreads                            = 2                                         {product} {ergonomic}
     uint G1ConcRefinementThreads                  = 8                                         {product} {ergonomic}
   size_t G1HeapRegionSize                         = 1048576                                   {product} {ergonomic}
    uintx GCDrainStackTargetSize                   = 64                                        {product} {ergonomic}
   size_t InitialHeapSize                          = 8388608                                   {product} {command line}
   size_t MarkStackSize                            = 4194304                                   {product} {ergonomic}
   size_t MaxHeapSize                              = 2116026368                                {product} {ergonomic}
   size_t MaxNewSize                               = 1268776960                                {product} {ergonomic}
   size_t MinHeapDeltaBytes                        = 1048576                                   {product} {ergonomic}
   size_t MinHeapSize                              = 8388608                                   {product} {command line}
    uintx NonNMethodCodeHeapSize                   = 5839372                                {pd product} {ergonomic}
    uintx NonProfiledCodeHeapSize                  = 122909434                              {pd product} {ergonomic}
    uintx ProfiledCodeHeapSize                     = 122909434                              {pd product} {ergonomic}
    uintx ReservedCodeCacheSize                    = 251658240                              {pd product} {ergonomic}
     bool SegmentedCodeCache                       = true                                      {product} {ergonomic}
   size_t SoftMaxHeapSize                          = 2116026368                             {manageable} {ergonomic}
     bool UseCompressedOops                        = true                           {product lp64_product} {ergonomic}
     bool UseG1GC                                  = true                                      {product} {ergonomic}
     bool UseLargePagesIndividualAllocation        = false                                  {pd product} {ergonomic}

Logging:
Log output configuration:
 #0: stdout all=warning uptime,level,tags foldmultilines=false
 #1: stderr all=off uptime,level,tags foldmultilines=false

Environment Variables:
JAVA_HOME=C:\Java-sdk
PATH=C:\WINDOWS\system32;C:\WINDOWS;C:\WINDOWS\System32\Wbem;C:\WINDOWS\System32\WindowsPowerShell\v1.0\;C:\WINDOWS\System32\OpenSSH\;C:\Program Files\Microsoft SQL Server\150\Tools\Binn\;C:\Program Files\Microsoft SQL Server\Client SDK\ODBC\170\Tools\Binn\;C:\Program Files\Intel\WiFi\bin\;C:\Program Files\Common Files\Intel\WirelessCommon\;C:\Program Files\Git\cmd;C:\Java-sdk\bin;C:\flutter-sdk\bin;C:\Program Files\nodejs\;C:\ProgramData\chocolatey\bin;C:\Program Files\Docker\Docker\resources\bin;C:\Users\Michael\AppData\Local\Pub\Cache\bin;C:\Program Files\dotnet\;C:\Users\Michael\AppData\Local\Programs\Python\Python311\Scripts\;C:\Users\Michael\AppData\Local\Programs\Python\Python311\;C:\Users\Michael\AppData\Local\Programs\Python\Launcher\;C:\Users\Michael\AppData\Local\Microsoft\WindowsApps;C:\Users\Michael\AppData\Local\Programs\Microsoft VS Code\bin;C:\Users\Michael\.dotnet\tools;C:\Users\Michael\AppData\Roaming\npm;
USERNAME=Michael
OS=Windows_NT
PROCESSOR_IDENTIFIER=Intel64 Family 6 Model 142 Stepping 10, GenuineIntel
TMP=C:\Users\Michael\AppData\Local\Temp
TEMP=C:\Users\Michael\AppData\Local\Temp




Periodic native trim disabled

---------------  S Y S T E M  ---------------

OS:
 Windows 11 , 64 bit Build 26100 (10.0.26100.7309)
OS uptime: 0 days 6:21 hours
Hyper-V role detected

CPU: total 8 (initial active 8) (4 cores per cpu, 2 threads per core) family 6 model 142 stepping 10 microcode 0xf6, cx8, cmov, fxsr, ht, mmx, 3dnowpref, sse, sse2, sse3, ssse3, sse4.1, sse4.2, popcnt, lzcnt, tsc, tscinvbit, avx, avx2, aes, erms, clmul, bmi1, bmi2, rtm, adx, fma, vzeroupper, clflush, clflushopt, hv, rdtscp, f16c
Processor Information for the first 8 processors :
  Max Mhz: 1896, Current Mhz: 1696, Mhz Limit: 1687

Memory: 4k page, system-wide physical 8071M (428M free)
TotalPageFile size 32647M (AvailPageFile size 6M)
current process WorkingSet (physical memory assigned to process): 33M, peak: 49M
current process commit charge ("private bytes"): 93M, peak: 93M

vm_info: OpenJDK 64-Bit Server VM (21.0.8+9-adhoc.Administrator.jdk21u) for windows-amd64 JRE (21.0.8+9-adhoc.Administrator.jdk21u), built on 2025-07-17T09:27:23Z by "Administrator" with MS VC++ 16.10 / 16.11 (VS2019)

END.
