#
# There is insufficient memory for the Java Runtime Environment to continue.
# Native memory allocation (mmap) failed to map 25165824 bytes. Error detail: G1 virtual space
# Possible reasons:
#   The system is out of physical RAM or swap space
#   This process is running with CompressedOops enabled, and the Java Heap may be blocking the growth of the native heap
# Possible solutions:
#   Reduce memory load on the system
#   Increase physical memory or swap space
#   Check if swap backing store is full
#   Decrease Java heap size (-Xmx/-Xms)
#   Decrease number of Java threads
#   Decrease Java thread stack sizes (-Xss)
#   Set larger code cache with -XX:ReservedCodeCacheSize=
#   JVM is running with Unscaled Compressed Oops mode in which the Java heap is
#     placed in the first 4GB address space. The Java Heap base address is the
#     maximum limit for the native heap growth. Please use -XX:HeapBaseMinAddress
#     to set the Java Heap base and to place the Java Heap above 4GB virtual address.
# This output file may be truncated or incomplete.
#
#  Out of Memory Error (os_windows.cpp:3713), pid=9396, tid=31948
#
# JRE version: OpenJDK Runtime Environment OpenLogic-OpenJDK (21.0.8+9) (build 21.0.8+9-adhoc.Administrator.jdk21u)
# Java VM: OpenJDK 64-Bit Server VM OpenLogic-OpenJDK (21.0.8+9-adhoc.Administrator.jdk21u, mixed mode, sharing, tiered, compressed oops, compressed class ptrs, g1 gc, windows-amd64)
# No core dump will be written. Minidumps are not enabled by default on client versions of Windows
#

---------------  S U M M A R Y ------------

Command Line: -Dapplication.home=C:\Java-sdk --add-modules=ALL-DEFAULT -Xms8m -Dfile.encoding=UTF8 -Djdk.module.main=jdk.compiler jdk.compiler/com.sun.tools.javac.Main @C:\Users\Michael\AppData\Local\Temp\tmpD9C1.tmp -target 1.8 -source 1.8 -Xlint:-options

Host: Intel(R) Core(TM) i5-8350U CPU @ 1.70GHz, 8 cores, 7G,  Windows 11 , 64 bit Build 26100 (10.0.26100.7019)
Time: Tue Dec 16 19:24:16 2025 SE Asia Standard Time elapsed time: 101.568268 seconds (0d 0h 1m 41s)

---------------  T H R E A D  ---------------

Current thread (0x000001bf2cb547d0):  VMThread "VM Thread"          [id=31948, stack(0x000000904a900000,0x000000904aa00000) (1024K)]

Stack: [0x000000904a900000,0x000000904aa00000]
Native frames: (J=compiled Java code, j=interpreted, Vv=VM code, C=native code)
V  [jvm.dll+0x6deaf9]
V  [jvm.dll+0x8bccc3]
V  [jvm.dll+0x8bf07e]
V  [jvm.dll+0x8bf763]
V  [jvm.dll+0x287836]
V  [jvm.dll+0x6db315]
V  [jvm.dll+0x6ced8a]
V  [jvm.dll+0x361ecb]
V  [jvm.dll+0x369a96]
V  [jvm.dll+0x3bbe66]
V  [jvm.dll+0x3bc138]
V  [jvm.dll+0x3356ac]
V  [jvm.dll+0x335737]
V  [jvm.dll+0x37a57c]
V  [jvm.dll+0x378d2e]
V  [jvm.dll+0x334e01]
V  [jvm.dll+0x378758]
V  [jvm.dll+0x8c52d8]
V  [jvm.dll+0x8c6654]
V  [jvm.dll+0x8c6b90]
V  [jvm.dll+0x8c6e23]
V  [jvm.dll+0x865958]
V  [jvm.dll+0x6dd2bd]
C  [ucrtbase.dll+0x37b0]
C  [KERNEL32.DLL+0x2e8d7]
C  [ntdll.dll+0x8c53c]

VM_Operation (0x000000904a2fd770): G1TryInitiateConcMark, mode: safepoint, requested by thread 0x000001bf2c50fb70


---------------  P R O C E S S  ---------------

Threads class SMR info:
_java_thread_list=0x000001bf2c5110d0, length=11, elements={
0x000001bf2c50fb70, 0x000001bf4c7f3670, 0x000001bf4c7f4fe0, 0x000001bf4c7f8c70,
0x000001bf4c7f96c0, 0x000001bf4c7fa110, 0x000001bf4c7fc0a0, 0x000001bf4c7fce20,
0x000001bf4c802290, 0x000001bf4c8698e0, 0x000001bf4c8d00d0
}

Java Threads: ( => current thread )
  0x000001bf2c50fb70 JavaThread "main"                              [_thread_blocked, id=33224, stack(0x000000904a200000,0x000000904a300000) (1024K)]
  0x000001bf4c7f3670 JavaThread "Reference Handler"          daemon [_thread_blocked, id=12192, stack(0x000000904aa00000,0x000000904ab00000) (1024K)]
  0x000001bf4c7f4fe0 JavaThread "Finalizer"                  daemon [_thread_blocked, id=24236, stack(0x000000904ab00000,0x000000904ac00000) (1024K)]
  0x000001bf4c7f8c70 JavaThread "Signal Dispatcher"          daemon [_thread_blocked, id=33404, stack(0x000000904ac00000,0x000000904ad00000) (1024K)]
  0x000001bf4c7f96c0 JavaThread "Attach Listener"            daemon [_thread_blocked, id=23792, stack(0x000000904ad00000,0x000000904ae00000) (1024K)]
  0x000001bf4c7fa110 JavaThread "Service Thread"             daemon [_thread_blocked, id=9104, stack(0x000000904ae00000,0x000000904af00000) (1024K)]
  0x000001bf4c7fc0a0 JavaThread "Monitor Deflation Thread"   daemon [_thread_blocked, id=21552, stack(0x000000904af00000,0x000000904b000000) (1024K)]
  0x000001bf4c7fce20 JavaThread "C2 CompilerThread0"         daemon [_thread_blocked, id=33568, stack(0x000000904b000000,0x000000904b100000) (1024K)]
  0x000001bf4c802290 JavaThread "C1 CompilerThread0"         daemon [_thread_blocked, id=33288, stack(0x000000904b100000,0x000000904b200000) (1024K)]
  0x000001bf4c8698e0 JavaThread "Common-Cleaner"             daemon [_thread_blocked, id=31208, stack(0x000000904b200000,0x000000904b300000) (1024K)]
  0x000001bf4c8d00d0 JavaThread "Notification Thread"        daemon [_thread_blocked, id=17808, stack(0x000000904b300000,0x000000904b400000) (1024K)]
Total: 11

Other Threads:
=>0x000001bf2cb547d0 VMThread "VM Thread"                           [id=31948, stack(0x000000904a900000,0x000000904aa00000) (1024K)]
  0x000001bf4c7db210 WatcherThread "VM Periodic Task Thread"        [id=8584, stack(0x000000904a800000,0x000000904a900000) (1024K)]
  0x000001bf2caed030 WorkerThread "GC Thread#0"                     [id=30088, stack(0x000000904a300000,0x000000904a400000) (1024K)]
  0x000001bf4cab8010 WorkerThread "GC Thread#1"                     [id=9480, stack(0x000000904b400000,0x000000904b500000) (1024K)]
  0x000001bf4cad9e70 WorkerThread "GC Thread#2"                     [id=17620, stack(0x000000904b500000,0x000000904b600000) (1024K)]
  0x000001bf4c95f0e0 WorkerThread "GC Thread#3"                     [id=21764, stack(0x000000904b600000,0x000000904b700000) (1024K)]
  0x000001bf4cc03f90 WorkerThread "GC Thread#4"                     [id=11128, stack(0x0000009049f00000,0x000000904a000000) (1024K)]
  0x000001bf4cc04330 WorkerThread "GC Thread#5"                     [id=11116, stack(0x000000904a000000,0x000000904a100000) (1024K)]
  0x000001bf2cafdcd0 ConcurrentGCThread "G1 Main Marker"            [id=19148, stack(0x000000904a400000,0x000000904a500000) (1024K)]
  0x000001bf2cb00500 WorkerThread "G1 Conc#0"                       [id=32536, stack(0x000000904a500000,0x000000904a600000) (1024K)]
  0x000001bf920bed70 WorkerThread "G1 Conc#1"                       [id=8940, stack(0x000000904a100000,0x000000904a200000) (1024K)]
  0x000001bf2cb2e1f0 ConcurrentGCThread "G1 Refine#0"               [id=1960, stack(0x000000904a600000,0x000000904a700000) (1024K)]
  0x000001bf2cb2fc10 ConcurrentGCThread "G1 Service"                [id=28344, stack(0x000000904a700000,0x000000904a800000) (1024K)]
Total: 13

Threads with active compile tasks:
Total: 0

VM state: at safepoint (normal execution)

VM Mutex/Monitor currently owned by a thread:  ([mutex/lock_event])
[0x00007ffabbbd53f8] Threads_lock - owner thread: 0x000001bf2cb547d0
[0x00007ffabbbd54f8] Heap_lock - owner thread: 0x000001bf2c50fb70

Heap address: 0x0000000081e00000, size: 2018 MB, Compressed Oops mode: 32-bit

CDS archive(s) mapped at: [0x000001bf4d000000-0x000001bf4dc90000-0x000001bf4dc90000), size 13172736, SharedBaseAddress: 0x000001bf4d000000, ArchiveRelocationMode: 1.
Compressed class space mapped at: 0x000001bf4e000000-0x000001bf8e000000, reserved size: 1073741824
Narrow klass base: 0x000001bf4d000000, Narrow klass shift: 0, Narrow klass range: 0x100000000

GC Precious Log:
 CardTable entry size: 512
 Card Set container configuration: InlinePtr #cards 5 size 8 Array Of Cards #cards 12 size 40 Howl #buckets 4 coarsen threshold 1843 Howl Bitmap #cards 512 size 80 coarsen threshold 460 Card regions per heap region 1 cards per card region 2048
 CPUs: 8 total, 8 available
 Memory: 8071M
 Large Page Support: Disabled
 NUMA Support: Disabled
 Compressed Oops: Enabled (32-bit)
 Heap Region Size: 1M
 Heap Min Capacity: 8M
 Heap Initial Capacity: 8M
 Heap Max Capacity: 2018M
 Pre-touch: Disabled
 Parallel Workers: 8
 Concurrent Workers: 2
 Concurrent Refinement Workers: 8
 Periodic GC: Disabled

Heap:
 garbage-first heap   total 12288K, used 7019K [0x0000000081e00000, 0x0000000100000000)
  region size 1024K, 1 young (1024K), 1 survivors (1024K)
 Metaspace       used 8111K, committed 8256K, reserved 1114112K
  class space    used 890K, committed 960K, reserved 1048576K

Heap Regions: E=young(eden), S=young(survivor), O=old, HS=humongous(starts), HC=humongous(continues), CS=collection set, F=free, TAMS=top-at-mark-start, PB=parsable bottom
|   0|0x0000000081e00000, 0x0000000081f00000, 0x0000000081f00000|100%| O|  |TAMS 0x0000000081f00000| PB 0x0000000081e00000| Untracked 
|   1|0x0000000081f00000, 0x0000000082000000, 0x0000000082000000|100%| O|  |TAMS 0x0000000082000000| PB 0x0000000081f00000| Untracked 
|   2|0x0000000082000000, 0x0000000082100000, 0x0000000082100000|100%| O|  |TAMS 0x0000000082100000| PB 0x0000000082000000| Untracked 
|   3|0x0000000082100000, 0x0000000082200000, 0x0000000082200000|100%| O|  |TAMS 0x0000000082200000| PB 0x0000000082100000| Untracked 
|   4|0x0000000082200000, 0x0000000082300000, 0x0000000082300000|100%| O|  |TAMS 0x0000000082300000| PB 0x0000000082200000| Untracked 
|   5|0x0000000082300000, 0x0000000082400000, 0x0000000082400000|100%| O|  |TAMS 0x0000000082400000| PB 0x0000000082300000| Untracked 
|   6|0x0000000082400000, 0x00000000824954b8, 0x0000000082500000| 58%| O|  |TAMS 0x000000008243f950| PB 0x0000000082400000| Untracked 
|   7|0x0000000082500000, 0x0000000082500000, 0x0000000082600000|  0%| F|  |TAMS 0x0000000082500000| PB 0x0000000082500000| Untracked 
|   8|0x0000000082600000, 0x0000000082600000, 0x0000000082700000|  0%| F|  |TAMS 0x0000000082600000| PB 0x0000000082600000| Untracked 
|   9|0x0000000082700000, 0x0000000082700000, 0x0000000082800000|  0%| F|  |TAMS 0x0000000082700000| PB 0x0000000082700000| Untracked 
|  10|0x0000000082800000, 0x00000000828458e8, 0x0000000082900000| 27%| S|CS|TAMS 0x0000000082800000| PB 0x0000000082800000| Complete 
|  11|0x0000000082900000, 0x0000000082900000, 0x0000000082a00000|  0%| F|  |TAMS 0x0000000082900000| PB 0x0000000082900000| Untracked 

Card table byte_map: [0x000001bf47a00000,0x000001bf47e00000] _byte_map_base: 0x000001bf475f1000

Marking Bits: (CMBitMap*) 0x000001bf2caed730
 Bits: [0x000001bf47e00000, 0x000001bf49d88000)

Polling page: 0x000001bf2c820000

Metaspace:

Usage:
  Non-class:      7.05 MB used.
      Class:    890.25 KB used.
       Both:      7.92 MB used.

Virtual space:
  Non-class space:       64.00 MB reserved,       7.12 MB ( 11%) committed,  1 nodes.
      Class space:        1.00 GB reserved,     960.00 KB ( <1%) committed,  1 nodes.
             Both:        1.06 GB reserved,       8.06 MB ( <1%) committed. 

Chunk freelists:
   Non-Class:  6.31 MB
       Class:  14.95 MB
        Both:  21.27 MB

MaxMetaspaceSize: unlimited
CompressedClassSpaceSize: 1.00 GB
Initial GC threshold: 21.00 MB
Current GC threshold: 21.00 MB
CDS: on
 - commit_granule_bytes: 65536.
 - commit_granule_words: 8192.
 - virtual_space_node_default_size: 8388608.
 - enlarge_chunks_in_place: 1.
 - use_allocation_guard: 0.


Internal statistics:

num_allocs_failed_limit: 0.
num_arena_births: 48.
num_arena_deaths: 0.
num_vsnodes_births: 2.
num_vsnodes_deaths: 0.
num_space_committed: 129.
num_space_uncommitted: 0.
num_chunks_returned_to_freelist: 0.
num_chunks_taken_from_freelist: 307.
num_chunk_merges: 0.
num_chunk_splits: 232.
num_chunks_enlarged: 191.
num_inconsistent_stats: 0.

CodeHeap 'non-profiled nmethods': size=120000Kb used=533Kb max_used=533Kb free=119466Kb
 bounds [0x000001bf3f670000, 0x000001bf3f8e0000, 0x000001bf46ba0000]
CodeHeap 'profiled nmethods': size=120000Kb used=2034Kb max_used=2455Kb free=117966Kb
 bounds [0x000001bf37ba0000, 0x000001bf37e20000, 0x000001bf3f0d0000]
CodeHeap 'non-nmethods': size=5760Kb used=1327Kb max_used=1366Kb free=4432Kb
 bounds [0x000001bf3f0d0000, 0x000001bf3f340000, 0x000001bf3f670000]
CodeCache: size=245760Kb, used=3894Kb, max_used=4354Kb, free=241864Kb
 total_blobs=1490, nmethods=1053, adapters=342, full_count=0
Compilation: enabled, stopped_count=0, restarted_count=0

Compilation events (20 events):
Event: 98.178 Thread 0x000001bf4c802290 1211       3       com.sun.tools.javac.tree.JCTree$JCFieldAccess::<init> (20 bytes)
Event: 98.179 Thread 0x000001bf4c802290 nmethod 1211 0x000001bf37bb0190 code [0x000001bf37bb0340, 0x000001bf37bb0678]
Event: 98.205 Thread 0x000001bf4c802290 1213       3       sun.nio.ch.Util::isBufferTooLarge (15 bytes)
Event: 98.208 Thread 0x000001bf4c802290 nmethod 1213 0x000001bf37baee90 code [0x000001bf37baf020, 0x000001bf37baf170]
Event: 98.214 Thread 0x000001bf4c7fce20 1214       4       com.sun.tools.javac.parser.JavaTokenizer::scanNumber (294 bytes)
Event: 99.237 Thread 0x000001bf4c802290 1217       3       com.sun.tools.javac.tree.JCTree$JCArrayTypeTree::getTag (4 bytes)
Event: 99.237 Thread 0x000001bf4c802290 nmethod 1217 0x000001bf37bcc510 code [0x000001bf37bcc6a0, 0x000001bf37bcc7b8]
Event: 99.245 Thread 0x000001bf4c7fce20 nmethod 1214 0x000001bf3f6f0490 code [0x000001bf3f6f06c0, 0x000001bf3f6f0fa0]
Event: 99.245 Thread 0x000001bf4c7fce20 1218       4       com.sun.tools.javac.parser.JavacParser::modifiersOpt (610 bytes)
Event: 99.247 Thread 0x000001bf4c802290 1219       3       sun.nio.ch.FileChannelImpl::ensureOpen (16 bytes)
Event: 99.247 Thread 0x000001bf4c802290 nmethod 1219 0x000001bf37bb2d10 code [0x000001bf37bb2ee0, 0x000001bf37bb3150]
Event: 99.247 Thread 0x000001bf4c802290 1220       3       sun.nio.ch.FileChannelImpl::beginBlocking (12 bytes)
Event: 99.247 Thread 0x000001bf4c802290 nmethod 1220 0x000001bf37c29310 code [0x000001bf37c294c0, 0x000001bf37c29630]
Event: 99.247 Thread 0x000001bf4c802290 1221   !   3       sun.nio.ch.NativeThreadSet::remove (90 bytes)
Event: 99.248 Thread 0x000001bf4c802290 nmethod 1221 0x000001bf37c0db90 code [0x000001bf37c0dd40, 0x000001bf37c0e028]
Event: 99.313 Thread 0x000001bf4c7fce20 nmethod 1218 0x000001bf3f6f1710 code [0x000001bf3f6f1ac0, 0x000001bf3f6f3590]
Event: 99.314 Thread 0x000001bf4c7fce20 1216       4       com.sun.tools.javac.parser.JavacParser::bracketsOpt (116 bytes)
Event: 99.317 Thread 0x000001bf4c7fce20 nmethod 1216 0x000001bf3f6f4590 code [0x000001bf3f6f4740, 0x000001bf3f6f48e0]
Event: 99.317 Thread 0x000001bf4c7fce20 1215       4       com.sun.tools.javac.parser.JavacParser::accept (56 bytes)
Event: 99.328 Thread 0x000001bf4c7fce20 nmethod 1215 0x000001bf3f6f4b10 code [0x000001bf3f6f4d00, 0x000001bf3f6f5380]

GC Heap History (20 events):
Event: 81.706 GC heap after
{Heap after GC invocations=12 (full 0):
 garbage-first heap   total 9216K, used 4222K [0x0000000081e00000, 0x0000000100000000)
  region size 1024K, 1 young (1024K), 1 survivors (1024K)
 Metaspace       used 7382K, committed 7552K, reserved 1114112K
  class space    used 851K, committed 960K, reserved 1048576K
}
Event: 84.080 GC heap before
{Heap before GC invocations=12 (full 0):
 garbage-first heap   total 9216K, used 6270K [0x0000000081e00000, 0x0000000100000000)
  region size 1024K, 3 young (3072K), 1 survivors (1024K)
 Metaspace       used 7999K, committed 8192K, reserved 1114112K
  class space    used 880K, committed 960K, reserved 1048576K
}
Event: 84.082 GC heap after
{Heap after GC invocations=13 (full 0):
 garbage-first heap   total 9216K, used 4700K [0x0000000081e00000, 0x0000000100000000)
  region size 1024K, 1 young (1024K), 1 survivors (1024K)
 Metaspace       used 7999K, committed 8192K, reserved 1114112K
  class space    used 880K, committed 960K, reserved 1048576K
}
Event: 86.171 GC heap before
{Heap before GC invocations=13 (full 0):
 garbage-first heap   total 9216K, used 5724K [0x0000000081e00000, 0x0000000100000000)
  region size 1024K, 3 young (3072K), 1 survivors (1024K)
 Metaspace       used 8047K, committed 8256K, reserved 1114112K
  class space    used 880K, committed 960K, reserved 1048576K
}
Event: 86.174 GC heap after
{Heap after GC invocations=14 (full 0):
 garbage-first heap   total 9216K, used 5023K [0x0000000081e00000, 0x0000000100000000)
  region size 1024K, 1 young (1024K), 1 survivors (1024K)
 Metaspace       used 8047K, committed 8256K, reserved 1114112K
  class space    used 880K, committed 960K, reserved 1048576K
}
Event: 89.635 GC heap before
{Heap before GC invocations=14 (full 0):
 garbage-first heap   total 9216K, used 6047K [0x0000000081e00000, 0x0000000100000000)
  region size 1024K, 2 young (2048K), 1 survivors (1024K)
 Metaspace       used 8094K, committed 8256K, reserved 1114112K
  class space    used 890K, committed 960K, reserved 1048576K
}
Event: 89.639 GC heap after
{Heap after GC invocations=15 (full 0):
 garbage-first heap   total 9216K, used 5165K [0x0000000081e00000, 0x0000000100000000)
  region size 1024K, 1 young (1024K), 1 survivors (1024K)
 Metaspace       used 8094K, committed 8256K, reserved 1114112K
  class space    used 890K, committed 960K, reserved 1048576K
}
Event: 91.702 GC heap before
{Heap before GC invocations=16 (full 0):
 garbage-first heap   total 10240K, used 6189K [0x0000000081e00000, 0x0000000100000000)
  region size 1024K, 2 young (2048K), 1 survivors (1024K)
 Metaspace       used 8104K, committed 8256K, reserved 1114112K
  class space    used 890K, committed 960K, reserved 1048576K
}
Event: 91.705 GC heap after
{Heap after GC invocations=17 (full 0):
 garbage-first heap   total 10240K, used 5447K [0x0000000081e00000, 0x0000000100000000)
  region size 1024K, 1 young (1024K), 1 survivors (1024K)
 Metaspace       used 8104K, committed 8256K, reserved 1114112K
  class space    used 890K, committed 960K, reserved 1048576K
}
Event: 91.965 GC heap before
{Heap before GC invocations=17 (full 0):
 garbage-first heap   total 10240K, used 6471K [0x0000000081e00000, 0x0000000100000000)
  region size 1024K, 3 young (3072K), 1 survivors (1024K)
 Metaspace       used 8104K, committed 8256K, reserved 1114112K
  class space    used 890K, committed 960K, reserved 1048576K
}
Event: 91.968 GC heap after
{Heap after GC invocations=18 (full 0):
 garbage-first heap   total 10240K, used 5861K [0x0000000081e00000, 0x0000000100000000)
  region size 1024K, 1 young (1024K), 1 survivors (1024K)
 Metaspace       used 8104K, committed 8256K, reserved 1114112K
  class space    used 890K, committed 960K, reserved 1048576K
}
Event: 97.508 GC heap before
{Heap before GC invocations=19 (full 0):
 garbage-first heap   total 10240K, used 7909K [0x0000000081e00000, 0x0000000100000000)
  region size 1024K, 3 young (3072K), 1 survivors (1024K)
 Metaspace       used 8106K, committed 8256K, reserved 1114112K
  class space    used 890K, committed 960K, reserved 1048576K
}
Event: 97.511 GC heap after
{Heap after GC invocations=20 (full 0):
 garbage-first heap   total 10240K, used 5984K [0x0000000081e00000, 0x0000000100000000)
  region size 1024K, 1 young (1024K), 1 survivors (1024K)
 Metaspace       used 8106K, committed 8256K, reserved 1114112K
  class space    used 890K, committed 960K, reserved 1048576K
}
Event: 98.205 GC heap before
{Heap before GC invocations=20 (full 0):
 garbage-first heap   total 10240K, used 5984K [0x0000000081e00000, 0x0000000100000000)
  region size 1024K, 2 young (2048K), 1 survivors (1024K)
 Metaspace       used 8108K, committed 8256K, reserved 1114112K
  class space    used 890K, committed 960K, reserved 1048576K
}
Event: 98.208 GC heap after
{Heap after GC invocations=21 (full 0):
 garbage-first heap   total 10240K, used 6350K [0x0000000081e00000, 0x0000000100000000)
  region size 1024K, 1 young (1024K), 1 survivors (1024K)
 Metaspace       used 8108K, committed 8256K, reserved 1114112K
  class space    used 890K, committed 960K, reserved 1048576K
}
Event: 99.229 GC heap before
{Heap before GC invocations=21 (full 0):
 garbage-first heap   total 12288K, used 7374K [0x0000000081e00000, 0x0000000100000000)
  region size 1024K, 2 young (2048K), 1 survivors (1024K)
 Metaspace       used 8108K, committed 8256K, reserved 1114112K
  class space    used 890K, committed 960K, reserved 1048576K
}
Event: 99.231 GC heap after
{Heap after GC invocations=22 (full 0):
 garbage-first heap   total 12288K, used 6710K [0x0000000081e00000, 0x0000000100000000)
  region size 1024K, 1 young (1024K), 1 survivors (1024K)
 Metaspace       used 8108K, committed 8256K, reserved 1114112K
  class space    used 890K, committed 960K, reserved 1048576K
}
Event: 99.241 GC heap before
{Heap before GC invocations=23 (full 0):
 garbage-first heap   total 12288K, used 7734K [0x0000000081e00000, 0x0000000100000000)
  region size 1024K, 3 young (3072K), 1 survivors (1024K)
 Metaspace       used 8109K, committed 8256K, reserved 1114112K
  class space    used 890K, committed 960K, reserved 1048576K
}
Event: 99.243 GC heap after
{Heap after GC invocations=24 (full 0):
 garbage-first heap   total 12288K, used 6994K [0x0000000081e00000, 0x0000000100000000)
  region size 1024K, 1 young (1024K), 1 survivors (1024K)
 Metaspace       used 8109K, committed 8256K, reserved 1114112K
  class space    used 890K, committed 960K, reserved 1048576K
}
Event: 99.532 GC heap before
{Heap before GC invocations=24 (full 0):
 garbage-first heap   total 12288K, used 6994K [0x0000000081e00000, 0x0000000100000000)
  region size 1024K, 2 young (2048K), 1 survivors (1024K)
 Metaspace       used 8111K, committed 8256K, reserved 1114112K
  class space    used 890K, committed 960K, reserved 1048576K
}

Dll operation events (6 events):
Event: 0.169 Loaded shared library C:\Java-sdk\bin\java.dll
Event: 3.357 Loaded shared library C:\Java-sdk\bin\jsvml.dll
Event: 3.444 Loaded shared library C:\Java-sdk\bin\jimage.dll
Event: 6.554 Loaded shared library C:\Java-sdk\bin\net.dll
Event: 6.838 Loaded shared library C:\Java-sdk\bin\nio.dll
Event: 10.119 Loaded shared library C:\Java-sdk\bin\zip.dll

Deoptimization events (20 events):
Event: 87.235 Thread 0x000001bf2c50fb70 DEOPT PACKING pc=0x000001bf3f6cb52c sp=0x000000904a2fe680
Event: 87.235 Thread 0x000001bf2c50fb70 DEOPT UNPACKING pc=0x000001bf3f1246a2 sp=0x000000904a2fe558 mode 2
Event: 87.240 Thread 0x000001bf2c50fb70 Uncommon trap: trap_request=0xffffff45 fr.pc=0x000001bf3f6ca9a0 relative=0x0000000000000100
Event: 87.240 Thread 0x000001bf2c50fb70 Uncommon trap: reason=unstable_if action=reinterpret pc=0x000001bf3f6ca9a0 method=com.sun.tools.javac.parser.UnicodeReader.nextUnicodeInputCharacter()V @ 28 c2
Event: 87.240 Thread 0x000001bf2c50fb70 DEOPT PACKING pc=0x000001bf3f6ca9a0 sp=0x000000904a2fe610
Event: 87.240 Thread 0x000001bf2c50fb70 DEOPT UNPACKING pc=0x000001bf3f1246a2 sp=0x000000904a2fe540 mode 2
Event: 87.734 Thread 0x000001bf2c50fb70 Uncommon trap: trap_request=0xffffff45 fr.pc=0x000001bf3f6d6600 relative=0x00000000000019c0
Event: 87.734 Thread 0x000001bf2c50fb70 Uncommon trap: reason=unstable_if action=reinterpret pc=0x000001bf3f6d6600 method=com.sun.tools.javac.parser.JavaTokenizer.readToken()Lcom/sun/tools/javac/parser/Tokens$Token; @ 90 c2
Event: 87.734 Thread 0x000001bf2c50fb70 DEOPT PACKING pc=0x000001bf3f6d6600 sp=0x000000904a2feea0
Event: 87.734 Thread 0x000001bf2c50fb70 DEOPT UNPACKING pc=0x000001bf3f1246a2 sp=0x000000904a2fee40 mode 2
Event: 87.735 Thread 0x000001bf2c50fb70 Uncommon trap: trap_request=0xffffff45 fr.pc=0x000001bf3f6dc6dc relative=0x000000000000259c
Event: 87.735 Thread 0x000001bf2c50fb70 Uncommon trap: reason=unstable_if action=reinterpret pc=0x000001bf3f6dc6dc method=com.sun.tools.javac.parser.JavaTokenizer.scanIdent()V @ 9 c2
Event: 87.735 Thread 0x000001bf2c50fb70 DEOPT PACKING pc=0x000001bf3f6dc6dc sp=0x000000904a2fee00
Event: 87.735 Thread 0x000001bf2c50fb70 DEOPT UNPACKING pc=0x000001bf3f1246a2 sp=0x000000904a2fee18 mode 2
Event: 87.740 Thread 0x000001bf2c50fb70 Uncommon trap: trap_request=0xffffff45 fr.pc=0x000001bf3f6cadf0 relative=0x00000000000000d0
Event: 87.740 Thread 0x000001bf2c50fb70 Uncommon trap: reason=unstable_if action=reinterpret pc=0x000001bf3f6cadf0 method=com.sun.tools.javac.parser.UnicodeReader.nextUnicodeInputCharacter()V @ 28 c2
Event: 87.740 Thread 0x000001bf2c50fb70 DEOPT PACKING pc=0x000001bf3f6cadf0 sp=0x000000904a2fe6b0
Event: 87.740 Thread 0x000001bf2c50fb70 DEOPT UNPACKING pc=0x000001bf3f1246a2 sp=0x000000904a2fe650 mode 2
Event: 93.166 Thread 0x000001bf2c50fb70 DEOPT PACKING pc=0x000001bf37ba209e sp=0x000000904a2fee20
Event: 93.166 Thread 0x000001bf2c50fb70 DEOPT UNPACKING pc=0x000001bf3f124e42 sp=0x000000904a2fe2a8 mode 0

Classes loaded (20 events):
Event: 73.842 Loading class java/nio/file/ClosedFileSystemException
Event: 73.843 Loading class java/nio/file/ClosedFileSystemException done
Event: 73.843 Loading class java/lang/ArrayIndexOutOfBoundsException
Event: 73.844 Loading class java/lang/ArrayIndexOutOfBoundsException done
Event: 75.392 Loading class java/util/LinkedList
Event: 75.392 Loading class java/util/AbstractSequentialList
Event: 75.393 Loading class java/util/AbstractSequentialList done
Event: 75.393 Loading class java/util/LinkedList done
Event: 75.946 Loading class java/lang/CloneNotSupportedException
Event: 75.947 Loading class java/lang/CloneNotSupportedException done
Event: 77.686 Loading class java/net/URLClassLoader$3
Event: 77.688 Loading class java/net/URLClassLoader$3 done
Event: 77.688 Loading class java/net/URLClassLoader$3$1
Event: 77.688 Loading class java/net/URLClassLoader$3$1 done
Event: 82.354 Loading class java/util/ServiceConfigurationError
Event: 82.355 Loading class java/util/ServiceConfigurationError done
Event: 82.355 Loading class java/lang/UnsupportedClassVersionError
Event: 82.356 Loading class java/lang/ClassFormatError
Event: 82.357 Loading class java/lang/ClassFormatError done
Event: 82.357 Loading class java/lang/UnsupportedClassVersionError done

Classes unloaded (0 events):
No events

Classes redefined (0 events):
No events

Internal exceptions (11 events):
Event: 6.290 Thread 0x000001bf2c50fb70 Exception <a 'java/lang/NoSuchMethodError'{0x0000000082323e10}: 'void java.lang.invoke.DirectMethodHandle$Holder.invokeSpecial(java.lang.Object, java.lang.Object, java.lang.Object)'> (0x0000000082323e10) 
thrown [s\src\hotspot\share\interpreter\linkResolver.cpp, line 773]
Event: 9.620 Thread 0x000001bf2c50fb70 Exception <a 'java/lang/NoSuchMethodError'{0x000000008255dcc0}: 'java.lang.Object java.lang.invoke.DirectMethodHandle$Holder.invokeVirtual(java.lang.Object, java.lang.Object, java.lang.Object)'> (0x000000008255dcc0) 
thrown [s\src\hotspot\share\interpreter\linkResolver.cpp, line 773]
Event: 9.630 Thread 0x000001bf2c50fb70 Exception <a 'java/lang/NoSuchMethodError'{0x0000000082568998}: 'int java.lang.invoke.DirectMethodHandle$Holder.invokeInterface(java.lang.Object, java.lang.Object)'> (0x0000000082568998) 
thrown [s\src\hotspot\share\interpreter\linkResolver.cpp, line 773]
Event: 71.521 Thread 0x000001bf2c50fb70 Exception <a 'sun/nio/fs/WindowsException'{0x000000008257dd90}> (0x000000008257dd90) 
thrown [s\src\hotspot\share\prims\jni.cpp, line 520]
Event: 71.691 Thread 0x000001bf2c50fb70 Exception <a 'java/lang/NoSuchMethodError'{0x0000000082584a38}: 'int java.lang.invoke.DirectMethodHandle$Holder.invokeVirtual(java.lang.Object, java.lang.Object, java.lang.Object)'> (0x0000000082584a38) 
thrown [s\src\hotspot\share\interpreter\linkResolver.cpp, line 773]
Event: 71.695 Thread 0x000001bf2c50fb70 Exception <a 'java/lang/NoSuchMethodError'{0x000000008258a8b0}: 'void java.lang.invoke.DirectMethodHandle$Holder.invokeInterface(java.lang.Object, java.lang.Object, java.lang.Object)'> (0x000000008258a8b0) 
thrown [s\src\hotspot\share\interpreter\linkResolver.cpp, line 773]
Event: 74.615 Thread 0x000001bf2c50fb70 Exception <a 'java/lang/NoSuchMethodError'{0x0000000082497ed0}: 'int java.lang.invoke.DirectMethodHandle$Holder.invokeStaticInit(java.lang.Object, java.lang.Object)'> (0x0000000082497ed0) 
thrown [s\src\hotspot\share\interpreter\linkResolver.cpp, line 773]
Event: 76.781 Thread 0x000001bf2c50fb70 Exception <a 'java/lang/NoSuchMethodError'{0x000000008254f5a0}: 'int java.lang.invoke.DirectMethodHandle$Holder.invokeVirtual(java.lang.Object, java.lang.Object)'> (0x000000008254f5a0) 
thrown [s\src\hotspot\share\interpreter\linkResolver.cpp, line 773]
Event: 76.791 Thread 0x000001bf2c50fb70 Exception <a 'java/lang/NoSuchMethodError'{0x00000000825722c0}: 'java.lang.Object java.lang.invoke.DirectMethodHandle$Holder.newInvokeSpecial(java.lang.Object, java.lang.Object, java.lang.Object, java.lang.Object, java.lang.Object)'> (0x00000000825722c0) 
thrown [s\src\hotspot\share\interpreter\linkResolver.cpp, line 773]
Event: 76.964 Thread 0x000001bf2c50fb70 Exception <a 'java/lang/NoSuchMethodError'{0x000000008257f810}: 'java.lang.Object java.lang.invoke.DirectMethodHandle$Holder.newInvokeSpecial(java.lang.Object, java.lang.Object, java.lang.Object, java.lang.Object, java.lang.Object, java.lang.Object)'> (0x000000008257f810) 
thrown [s\src\hotspot\share\interpreter\linkResolver.cpp, line 773]
Event: 77.327 Thread 0x000001bf2c50fb70 Exception <a 'sun/nio/fs/WindowsException'{0x00000000825c6110}> (0x00000000825c6110) 
thrown [s\src\hotspot\share\prims\jni.cpp, line 520]

ZGC Phase Switch (0 events):
No events

VM Operations (20 events):
Event: 91.968 Executing VM operation: G1CollectForAllocation (G1 Evacuation Pause) done
Event: 91.975 Executing VM operation: G1PauseRemark
Event: 92.979 Executing VM operation: G1PauseRemark done
Event: 92.993 Executing VM operation: G1PauseCleanup
Event: 92.993 Executing VM operation: G1PauseCleanup done
Event: 95.019 Executing VM operation: Cleanup
Event: 95.019 Executing VM operation: Cleanup done
Event: 97.508 Executing VM operation: G1CollectForAllocation (G1 Evacuation Pause)
Event: 97.511 Executing VM operation: G1CollectForAllocation (G1 Evacuation Pause) done
Event: 98.205 Executing VM operation: G1CollectForAllocation (G1 Evacuation Pause)
Event: 98.208 Executing VM operation: G1CollectForAllocation (G1 Evacuation Pause) done
Event: 98.216 Executing VM operation: G1PauseRemark
Event: 99.226 Executing VM operation: G1PauseRemark done
Event: 99.229 Executing VM operation: G1CollectForAllocation (G1 Evacuation Pause)
Event: 99.231 Executing VM operation: G1CollectForAllocation (G1 Evacuation Pause) done
Event: 99.231 Executing VM operation: G1PauseCleanup
Event: 99.231 Executing VM operation: G1PauseCleanup done
Event: 99.241 Executing VM operation: G1CollectForAllocation (G1 Evacuation Pause)
Event: 99.243 Executing VM operation: G1CollectForAllocation (G1 Evacuation Pause) done
Event: 99.532 Executing VM operation: G1TryInitiateConcMark (G1 Humongous Allocation)

Memory protections (0 events):
No events

Nmethod flushes (20 events):
Event: 92.978 Thread 0x000001bf2cb547d0 flushing  nmethod 0x000001bf37d3c290
Event: 92.978 Thread 0x000001bf2cb547d0 flushing  nmethod 0x000001bf37d5b810
Event: 92.978 Thread 0x000001bf2cb547d0 flushing  nmethod 0x000001bf37d60f90
Event: 92.979 Thread 0x000001bf2cb547d0 flushing  nmethod 0x000001bf37d62e90
Event: 92.979 Thread 0x000001bf2cb547d0 flushing  nmethod 0x000001bf37d63210
Event: 92.979 Thread 0x000001bf2cb547d0 flushing  nmethod 0x000001bf37d65b10
Event: 92.979 Thread 0x000001bf2cb547d0 flushing  nmethod 0x000001bf37d66b90
Event: 92.979 Thread 0x000001bf2cb547d0 flushing  nmethod 0x000001bf37d6ee90
Event: 92.979 Thread 0x000001bf2cb547d0 flushing  nmethod 0x000001bf37dda590
Event: 98.218 Thread 0x000001bf2cb547d0 flushing osr nmethod 0x000001bf37c4cb10
Event: 98.218 Thread 0x000001bf2cb547d0 flushing  nmethod 0x000001bf37c53010
Event: 98.218 Thread 0x000001bf2cb547d0 flushing  nmethod 0x000001bf37d61c90
Event: 98.218 Thread 0x000001bf2cb547d0 flushing  nmethod 0x000001bf37d63d10
Event: 98.218 Thread 0x000001bf2cb547d0 flushing  nmethod 0x000001bf37d64610
Event: 98.218 Thread 0x000001bf2cb547d0 flushing  nmethod 0x000001bf37dd4e90
Event: 98.218 Thread 0x000001bf2cb547d0 flushing  nmethod 0x000001bf37dd6110
Event: 98.218 Thread 0x000001bf2cb547d0 flushing  nmethod 0x000001bf37dd6a90
Event: 98.218 Thread 0x000001bf2cb547d0 flushing  nmethod 0x000001bf37d29290
Event: 98.218 Thread 0x000001bf2cb547d0 flushing  nmethod 0x000001bf37d2a590
Event: 98.218 Thread 0x000001bf2cb547d0 flushing  nmethod 0x000001bf37de5110

Events (20 events):
Event: 1.934 Thread 0x000001bf2c50fb70 Thread added: 0x000001bf4c7fa110
Event: 1.934 Thread 0x000001bf2c50fb70 Thread added: 0x000001bf4c7fc0a0
Event: 1.934 Thread 0x000001bf2c50fb70 Thread added: 0x000001bf4c7fce20
Event: 2.068 Thread 0x000001bf2c50fb70 Thread added: 0x000001bf4c802290
Event: 2.543 Thread 0x000001bf2c50fb70 Thread added: 0x000001bf4c8698e0
Event: 3.233 Thread 0x000001bf2c50fb70 Thread added: 0x000001bf4c8d00d0
Event: 7.417 Thread 0x000001bf4c7fce20 Thread added: 0x000001bf4caa4060
Event: 7.639 Thread 0x000001bf4caa4060 Thread exited: 0x000001bf4caa4060
Event: 7.993 Thread 0x000001bf4c802290 Thread added: 0x000001bf4cab7f00
Event: 8.497 Thread 0x000001bf4cab7f00 Thread exited: 0x000001bf4cab7f00
Event: 84.095 Thread 0x000001bf4c7fce20 Thread added: 0x000001bf922b8990
Event: 85.123 Thread 0x000001bf922b8990 Thread added: 0x000001bf922b9030
Event: 87.225 Thread 0x000001bf922b9030 Thread exited: 0x000001bf922b9030
Event: 87.734 Thread 0x000001bf922b8990 Thread exited: 0x000001bf922b8990
Event: 87.745 Thread 0x000001bf4c7fce20 Thread added: 0x000001bf922b8990
Event: 88.933 Thread 0x000001bf922b8990 Thread exited: 0x000001bf922b8990
Event: 91.800 Thread 0x000001bf4c7fce20 Thread added: 0x000001bf92d1b8d0
Event: 93.166 Thread 0x000001bf92d1b8d0 Thread exited: 0x000001bf92d1b8d0
Event: 93.479 Thread 0x000001bf4c7fce20 Thread added: 0x000001bf92d1b8d0
Event: 94.450 Thread 0x000001bf92d1b8d0 Thread exited: 0x000001bf92d1b8d0


Dynamic libraries:
0x00007ff703820000 - 0x00007ff703828000 	C:\Java-sdk\bin\javac.exe
0x00007ffb19f80000 - 0x00007ffb1a1e8000 	C:\WINDOWS\SYSTEM32\ntdll.dll
0x00007ffb182e0000 - 0x00007ffb183a9000 	C:\WINDOWS\System32\KERNEL32.DLL
0x00007ffb17560000 - 0x00007ffb17958000 	C:\WINDOWS\System32\KERNELBASE.dll
0x00007ffb17410000 - 0x00007ffb1755b000 	C:\WINDOWS\System32\ucrtbase.dll
0x00007ffb08d00000 - 0x00007ffb08d1b000 	C:\Java-sdk\bin\VCRUNTIME140.dll
0x00007ffb08d20000 - 0x00007ffb08d38000 	C:\Java-sdk\bin\jli.dll
0x00007ffb19cf0000 - 0x00007ffb19eb7000 	C:\WINDOWS\System32\USER32.dll
0x00007ffb17960000 - 0x00007ffb17987000 	C:\WINDOWS\System32\win32u.dll
0x00007ffb185b0000 - 0x00007ffb185db000 	C:\WINDOWS\System32\GDI32.dll
0x00007ffb0ae40000 - 0x00007ffb0b0d4000 	C:\WINDOWS\WinSxS\amd64_microsoft.windows.common-controls_6595b64144ccf1df_6.0.26100.7019_none_3e06ffa0e335b8a8\COMCTL32.dll
0x00007ffb172e0000 - 0x00007ffb1740c000 	C:\WINDOWS\System32\gdi32full.dll
0x00007ffb18480000 - 0x00007ffb18529000 	C:\WINDOWS\System32\msvcrt.dll
0x00007ffb17b00000 - 0x00007ffb17ba3000 	C:\WINDOWS\System32\msvcp_win.dll
0x00007ffb188e0000 - 0x00007ffb18911000 	C:\WINDOWS\System32\IMM32.DLL
0x00007ffb0b340000 - 0x00007ffb0b34c000 	C:\Java-sdk\bin\vcruntime140_1.dll
0x00007ffb073e0000 - 0x00007ffb0746d000 	C:\Java-sdk\bin\msvcp140.dll
0x00007ffabaf10000 - 0x00007ffabbcb7000 	C:\Java-sdk\bin\server\jvm.dll
0x00007ffb183c0000 - 0x00007ffb18474000 	C:\WINDOWS\System32\ADVAPI32.dll
0x00007ffb17d90000 - 0x00007ffb17e36000 	C:\WINDOWS\System32\sechost.dll
0x00007ffb193b0000 - 0x00007ffb194c8000 	C:\WINDOWS\System32\RPCRT4.dll
0x00007ffb186f0000 - 0x00007ffb18764000 	C:\WINDOWS\System32\WS2_32.dll
0x00007ffb06b90000 - 0x00007ffb06b9b000 	C:\WINDOWS\SYSTEM32\VERSION.dll
0x00007ffb16f30000 - 0x00007ffb16f8e000 	C:\WINDOWS\SYSTEM32\POWRPROF.dll
0x00007ffb02a90000 - 0x00007ffb02ac5000 	C:\WINDOWS\SYSTEM32\WINMM.dll
0x00007ffb16f10000 - 0x00007ffb16f24000 	C:\WINDOWS\SYSTEM32\UMPDC.dll
0x00007ffb15e50000 - 0x00007ffb15e6b000 	C:\WINDOWS\SYSTEM32\kernel.appcore.dll
0x00007ffb0b320000 - 0x00007ffb0b32a000 	C:\Java-sdk\bin\jimage.dll
0x00007ffb147c0000 - 0x00007ffb14a02000 	C:\WINDOWS\SYSTEM32\DBGHELP.DLL
0x00007ffb198d0000 - 0x00007ffb19c5b000 	C:\WINDOWS\System32\combase.dll
0x00007ffb185f0000 - 0x00007ffb186c7000 	C:\WINDOWS\System32\OLEAUT32.dll
0x00007ffb07030000 - 0x00007ffb0706c000 	C:\WINDOWS\SYSTEM32\dbgcore.DLL
0x00007ffb17c70000 - 0x00007ffb17d15000 	C:\WINDOWS\System32\bcryptPrimitives.dll
0x00007ffb08ce0000 - 0x00007ffb08cff000 	C:\Java-sdk\bin\java.dll
0x00007ffb18920000 - 0x00007ffb1906f000 	C:\WINDOWS\System32\SHELL32.dll
0x00007ffb17990000 - 0x00007ffb17afb000 	C:\WINDOWS\System32\wintypes.dll
0x00007ffb14cd0000 - 0x00007ffb1552d000 	C:\WINDOWS\SYSTEM32\windows.storage.dll
0x00007ffb18780000 - 0x00007ffb18872000 	C:\WINDOWS\System32\SHCORE.dll
0x00007ffb17d20000 - 0x00007ffb17d87000 	C:\WINDOWS\System32\shlwapi.dll
0x00007ffb16ff0000 - 0x00007ffb17019000 	C:\WINDOWS\SYSTEM32\profapi.dll
0x00007ffafc9f0000 - 0x00007ffafcac6000 	C:\Java-sdk\bin\jsvml.dll
0x00007ffb08c90000 - 0x00007ffb08ca0000 	C:\Java-sdk\bin\net.dll
0x00007ffb099a0000 - 0x00007ffb09ac8000 	C:\WINDOWS\SYSTEM32\WINHTTP.dll
0x00007ffb163a0000 - 0x00007ffb1640b000 	C:\WINDOWS\system32\mswsock.dll
0x00007ffb08c40000 - 0x00007ffb08c56000 	C:\Java-sdk\bin\nio.dll
0x00007ffb08bc0000 - 0x00007ffb08bd8000 	C:\Java-sdk\bin\zip.dll

JVMTI agents: none

dbghelp: loaded successfully - version: 4.0.5 - missing functions: none
symbol engine: initialized successfully - sym options: 0x614 - pdb path: .;C:\Java-sdk\bin;C:\WINDOWS\SYSTEM32;C:\WINDOWS\WinSxS\amd64_microsoft.windows.common-controls_6595b64144ccf1df_6.0.26100.7019_none_3e06ffa0e335b8a8;C:\Java-sdk\bin\server

VM Arguments:
jvm_args: -Dapplication.home=C:\Java-sdk --add-modules=ALL-DEFAULT -Xms8m -Dfile.encoding=UTF8 -Djdk.module.main=jdk.compiler 
java_command: jdk.compiler/com.sun.tools.javac.Main @C:\Users\Michael\AppData\Local\Temp\tmpD9C1.tmp -target 1.8 -source 1.8 -Xlint:-options
java_class_path (initial): <not set>
Launcher Type: SUN_STANDARD

[Global flags]
     intx CICompilerCount                          = 4                                         {product} {ergonomic}
     uint ConcGCThreads                            = 2                                         {product} {ergonomic}
     uint G1ConcRefinementThreads                  = 8                                         {product} {ergonomic}
   size_t G1HeapRegionSize                         = 1048576                                   {product} {ergonomic}
    uintx GCDrainStackTargetSize                   = 64                                        {product} {ergonomic}
   size_t InitialHeapSize                          = 8388608                                   {product} {command line}
   size_t MarkStackSize                            = 4194304                                   {product} {ergonomic}
   size_t MaxHeapSize                              = 2116026368                                {product} {ergonomic}
   size_t MaxNewSize                               = 1268776960                                {product} {ergonomic}
   size_t MinHeapDeltaBytes                        = 1048576                                   {product} {ergonomic}
   size_t MinHeapSize                              = 8388608                                   {product} {command line}
    uintx NonNMethodCodeHeapSize                   = 5839372                                {pd product} {ergonomic}
    uintx NonProfiledCodeHeapSize                  = 122909434                              {pd product} {ergonomic}
    uintx ProfiledCodeHeapSize                     = 122909434                              {pd product} {ergonomic}
    uintx ReservedCodeCacheSize                    = 251658240                              {pd product} {ergonomic}
     bool SegmentedCodeCache                       = true                                      {product} {ergonomic}
   size_t SoftMaxHeapSize                          = 2116026368                             {manageable} {ergonomic}
     bool UseCompressedOops                        = true                           {product lp64_product} {ergonomic}
     bool UseG1GC                                  = true                                      {product} {ergonomic}
     bool UseLargePagesIndividualAllocation        = false                                  {pd product} {ergonomic}

Logging:
Log output configuration:
 #0: stdout all=warning uptime,level,tags foldmultilines=false
 #1: stderr all=off uptime,level,tags foldmultilines=false

Environment Variables:
JAVA_HOME=C:\Java-sdk
PATH=C:\WINDOWS\system32;C:\WINDOWS;C:\WINDOWS\System32\Wbem;C:\WINDOWS\System32\WindowsPowerShell\v1.0\;C:\WINDOWS\System32\OpenSSH\;C:\Program Files\Microsoft SQL Server\150\Tools\Binn\;C:\Program Files\Microsoft SQL Server\Client SDK\ODBC\170\Tools\Binn\;C:\Program Files\Intel\WiFi\bin\;C:\Program Files\Common Files\Intel\WirelessCommon\;C:\Program Files\Git\cmd;C:\Java-sdk\bin;C:\flutter-sdk\bin;C:\Program Files\nodejs\;C:\ProgramData\chocolatey\bin;C:\Program Files\Docker\Docker\resources\bin;C:\Users\Michael\AppData\Local\Pub\Cache\bin;C:\Program Files\dotnet\;C:\Users\Michael\AppData\Local\Programs\Python\Python311\Scripts\;C:\Users\Michael\AppData\Local\Programs\Python\Python311\;C:\Users\Michael\AppData\Local\Programs\Python\Launcher\;C:\Users\Michael\AppData\Local\Microsoft\WindowsApps;C:\Users\Michael\AppData\Local\Programs\Microsoft VS Code\bin;C:\Users\Michael\.dotnet\tools;C:\Users\Michael\AppData\Roaming\npm;
USERNAME=Michael
OS=Windows_NT
PROCESSOR_IDENTIFIER=Intel64 Family 6 Model 142 Stepping 10, GenuineIntel
TMP=C:\Users\Michael\AppData\Local\Temp
TEMP=C:\Users\Michael\AppData\Local\Temp




Periodic native trim disabled

---------------  S Y S T E M  ---------------

OS:
 Windows 11 , 64 bit Build 26100 (10.0.26100.7019)
OS uptime: 0 days 1:24 hours
Hyper-V role detected

CPU: total 8 (initial active 8) (4 cores per cpu, 2 threads per core) family 6 model 142 stepping 10 microcode 0xf6, cx8, cmov, fxsr, ht, mmx, 3dnowpref, sse, sse2, sse3, ssse3, sse4.1, sse4.2, popcnt, lzcnt, tsc, tscinvbit, avx, avx2, aes, erms, clmul, bmi1, bmi2, rtm, adx, fma, vzeroupper, clflush, clflushopt, hv, rdtscp, f16c
Processor Information for the first 8 processors :
  Max Mhz: 1896, Current Mhz: 1696, Mhz Limit: 1687

Memory: 4k page, system-wide physical 8071M (516M free)
TotalPageFile size 32647M (AvailPageFile size 156M)
current process WorkingSet (physical memory assigned to process): 59M, peak: 68M
current process commit charge ("private bytes"): 107M, peak: 131M

vm_info: OpenJDK 64-Bit Server VM (21.0.8+9-adhoc.Administrator.jdk21u) for windows-amd64 JRE (21.0.8+9-adhoc.Administrator.jdk21u), built on 2025-07-17T09:27:23Z by "Administrator" with MS VC++ 16.10 / 16.11 (VS2019)

END.
